<?xml version="1.0" encoding="UTF-8"?>
<!-- Generated by org.testng.reporters.JUnitXMLReporter -->
<testsuite ignored="0" hostname="DESKTOP-62ENQ34" failures="1" tests="1" name="Test" time="14.817" errors="0" timestamp="2022-06-21T11:36:33 IST">
  <testcase classname="com.gudexams.admin.AdminLogin" name="adminLoginPage" time="6.898">
    <failure type="java.lang.IllegalArgumentException" message="Keys to send should be a not null CharSequence">
      <![CDATA[java.lang.IllegalArgumentException: Keys to send should be a not null CharSequence
at org.openqa.selenium.remote.RemoteWebElement.sendKeys(RemoteWebElement.java:92)
at com.gudexams.adminpages.BasePage.sendKeys(BasePage.java:28)
at com.gudexams.adminpages.AddInstitute_po.enterUsername(AddInstitute_po.java:35)
at com.gudexams.admin.AddInstitute.addInstitute(AddInstitute.java:34)
at com.gudexams.admin.AdminLogin.adminLoginPage(AdminLogin.java:47)
at java.base/java.util.concurrent.FutureTask.run(FutureTask.java:264)
at java.base/java.util.concurrent.Executors$RunnableAdapter.call(Executors.java:515)
at java.base/java.util.concurrent.FutureTask.run(FutureTask.java:264)
at java.base/java.util.concurrent.ThreadPoolExecutor.runWorker(ThreadPoolExecutor.java:1130)
at java.base/java.util.concurrent.ThreadPoolExecutor$Worker.run(ThreadPoolExecutor.java:630)
at java.base/java.lang.Thread.run(Thread.java:831)
... Removed 9 stack frames]]>
    </failure>
  </testcase> <!-- adminLoginPage -->
</testsuite> <!-- Test -->
