<?xml version="1.0" encoding="UTF-8"?>
<!-- Generated by org.testng.reporters.JUnitXMLReporter -->
<testsuite ignored="0" hostname="LAPTOP-KEPCJK13" failures="1" tests="1" name="Test" time="16.249" errors="0" timestamp="2022-07-20T19:02:17 IST">
  <testcase classname="com.gudexams.admin.AdminLogin" name="adminLoginPage" time="8.84">
    <failure type="java.lang.IllegalArgumentException" message="Keys to send should be a not null CharSequence">
      <![CDATA[java.lang.IllegalArgumentException: Keys to send should be a not null CharSequence
at org.openqa.selenium.remote.RemoteWebElement.sendKeys(RemoteWebElement.java:92)
at com.gudexams.adminpages.BasePage.sendKeys(BasePage.java:28)
at com.gudexams.adminpages.AddInstitute_po.enterUsername(AddInstitute_po.java:35)
at com.gudexams.admin.AddInstitute.addInstitute(AddInstitute.java:37)
at com.gudexams.admin.AdminLogin.adminLoginPage(AdminLogin.java:48)
at java.base/java.util.concurrent.FutureTask.run(FutureTask.java:264)
at java.base/java.util.concurrent.Executors$RunnableAdapter.call(Executors.java:539)
at java.base/java.util.concurrent.FutureTask.run(FutureTask.java:264)
at java.base/java.util.concurrent.ThreadPoolExecutor.runWorker(ThreadPoolExecutor.java:1136)
at java.base/java.util.concurrent.ThreadPoolExecutor$Worker.run(ThreadPoolExecutor.java:635)
at java.base/java.lang.Thread.run(Thread.java:833)
... Removed 9 stack frames]]>
    </failure>
  </testcase> <!-- adminLoginPage -->
</testsuite> <!-- Test -->
