<?xml version="1.0" encoding="UTF-8"?>
<testng-results ignored="0" total="1" passed="1" failed="0" skipped="0">
  <reporter-output>
  </reporter-output>
  <suite started-at="2022-06-18T17:18:33 IST" name="Suite" finished-at="2022-06-18T17:18:43 IST" duration-ms="10112">
    <groups>
    </groups>
    <test started-at="2022-06-18T17:18:33 IST" name="Test" finished-at="2022-06-18T17:18:43 IST" duration-ms="10112">
      <class name="com.gudexams.admin.AdminLogin">
        <test-method is-config="true" signature="setUp([Ljava.lang.Object;)[pri:0, instance:com.gudexams.admin.AdminLogin@54eb2b70]" started-at="2022-06-18T17:18:34 IST" name="setUp" finished-at="2022-06-18T17:18:40 IST" duration-ms="5256" status="PASS">
          <params>
            <param index="0">
              <value>
                <![CDATA[[Ljava.lang.Object;@71d8cfe7]]>
              </value>
            </param>
          </params>
          <reporter-output>
          </reporter-output>
        </test-method> <!-- setUp -->
        <test-method signature="adminLoginPage(java.util.Map)[pri:0, instance:com.gudexams.admin.AdminLogin@54eb2b70]" started-at="2022-06-18T17:18:40 IST" name="adminLoginPage" description="To test the login logout funcationality of the Institute-Admin role using given login cedentials" data-provider="userDate" finished-at="2022-06-18T17:18:43 IST" duration-ms="3182" status="PASS">
          <params>
            <param index="0">
              <value>
                <![CDATA[{password=12345678, role=admin, browser=chrome, selectRole=Other, execute=yes, testName=adminLoginPage, username=super}]]>
              </value>
            </param>
          </params>
          <reporter-output>
          </reporter-output>
        </test-method> <!-- adminLoginPage -->
        <test-method is-config="true" signature="tearDown()[pri:0, instance:com.gudexams.admin.AdminLogin@54eb2b70]" started-at="2022-06-18T17:18:43 IST" name="tearDown" finished-at="2022-06-18T17:18:43 IST" duration-ms="337" status="PASS">
          <reporter-output>
          </reporter-output>
        </test-method> <!-- tearDown -->
      </class> <!-- com.gudexams.admin.AdminLogin -->
    </test> <!-- Test -->
  </suite> <!-- Suite -->
</testng-results>
