<?xml version="1.0" encoding="UTF-8"?>
<testng-results ignored="0" total="1" passed="0" failed="1" skipped="0">
  <reporter-output>
  </reporter-output>
  <suite started-at="2022-06-21T11:36:18 IST" name="Suite" finished-at="2022-06-21T11:36:33 IST" duration-ms="14817">
    <groups>
    </groups>
    <test started-at="2022-06-21T11:36:18 IST" name="Test" finished-at="2022-06-21T11:36:33 IST" duration-ms="14817">
      <class name="com.gudexams.admin.AdminLogin">
        <test-method is-config="true" signature="setUp([Ljava.lang.Object;)[pri:0, instance:com.gudexams.admin.AdminLogin@54eb2b70]" started-at="2022-06-21T11:36:19 IST" name="setUp" finished-at="2022-06-21T11:36:25 IST" duration-ms="5628" status="PASS">
          <params>
            <param index="0">
              <value>
                <![CDATA[[Ljava.lang.Object;@71f0b72e]]>
              </value>
            </param>
          </params>
          <reporter-output>
          </reporter-output>
        </test-method> <!-- setUp -->
        <test-method signature="adminLoginPage(java.util.Map)[pri:0, instance:com.gudexams.admin.AdminLogin@54eb2b70]" started-at="2022-06-21T11:36:25 IST" name="adminLoginPage" description="To test the login logout funcationality of the Institute-Admin role using given login cedentials" data-provider="userDate" finished-at="2022-06-21T11:36:32 IST" duration-ms="6898" status="FAIL">
          <params>
            <param index="0">
              <value>
                <![CDATA[{password=12345678, role=admin, browser=chrome, selectRole=Other, execute=yes, testName=adminLoginPage, username=super}]]>
              </value>
            </param>
          </params>
          <exception class="java.lang.IllegalArgumentException">
            <message>
              <![CDATA[Keys to send should be a not null CharSequence]]>
            </message>
            <full-stacktrace>
              <![CDATA[java.lang.IllegalArgumentException: Keys to send should be a not null CharSequence
at org.openqa.selenium.remote.RemoteWebElement.sendKeys(RemoteWebElement.java:92)
at com.gudexams.adminpages.BasePage.sendKeys(BasePage.java:28)
at com.gudexams.adminpages.AddInstitute_po.enterUsername(AddInstitute_po.java:35)
at com.gudexams.admin.AddInstitute.addInstitute(AddInstitute.java:34)
at com.gudexams.admin.AdminLogin.adminLoginPage(AdminLogin.java:47)
at java.base/jdk.internal.reflect.NativeMethodAccessorImpl.invoke0(Native Method)
at java.base/jdk.internal.reflect.NativeMethodAccessorImpl.invoke(NativeMethodAccessorImpl.java:78)
at java.base/jdk.internal.reflect.DelegatingMethodAccessorImpl.invoke(DelegatingMethodAccessorImpl.java:43)
at java.base/java.lang.reflect.Method.invoke(Method.java:567)
at org.testng.internal.MethodInvocationHelper.invokeMethod(MethodInvocationHelper.java:133)
at org.testng.internal.TestInvoker.invokeMethod(TestInvoker.java:598)
at org.testng.internal.TestInvoker.invokeTestMethod(TestInvoker.java:173)
at org.testng.internal.TestMethodWithDataProviderMethodWorker.call(TestMethodWithDataProviderMethodWorker.java:77)
at org.testng.internal.TestMethodWithDataProviderMethodWorker.call(TestMethodWithDataProviderMethodWorker.java:15)
at java.base/java.util.concurrent.FutureTask.run(FutureTask.java:264)
at java.base/java.util.concurrent.Executors$RunnableAdapter.call(Executors.java:515)
at java.base/java.util.concurrent.FutureTask.run(FutureTask.java:264)
at java.base/java.util.concurrent.ThreadPoolExecutor.runWorker(ThreadPoolExecutor.java:1130)
at java.base/java.util.concurrent.ThreadPoolExecutor$Worker.run(ThreadPoolExecutor.java:630)
at java.base/java.lang.Thread.run(Thread.java:831)
]]>
            </full-stacktrace>
          </exception> <!-- java.lang.IllegalArgumentException -->
          <reporter-output>
          </reporter-output>
        </test-method> <!-- adminLoginPage -->
        <test-method is-config="true" signature="tearDown()[pri:0, instance:com.gudexams.admin.AdminLogin@54eb2b70]" started-at="2022-06-21T11:36:32 IST" name="tearDown" finished-at="2022-06-21T11:36:33 IST" duration-ms="560" status="PASS">
          <reporter-output>
          </reporter-output>
        </test-method> <!-- tearDown -->
      </class> <!-- com.gudexams.admin.AdminLogin -->
    </test> <!-- Test -->
  </suite> <!-- Suite -->
</testng-results>
